<?xml version="1.0" encoding="UTF-8"?>
<testng-results skipped="0" failed="0" total="1" passed="1">
  <reporter-output>
  </reporter-output>
  <suite name="Default suite" duration-ms="17998" started-at="2017-03-22T17:43:20Z" finished-at="2017-03-22T17:43:38Z">
    <groups>
    </groups>
    <test name="Default test" duration-ms="17998" started-at="2017-03-22T17:43:20Z" finished-at="2017-03-22T17:43:38Z">
      <class name="meridium.APM.TestScript.Facebooklogin">
        <test-method status="PASS" signature="login()[pri:0, instance:meridium.APM.TestScript.Facebooklogin@4e7912d8]" name="login" duration-ms="17964" started-at="2017-03-22T23:13:20Z" finished-at="2017-03-22T23:13:38Z">
          <reporter-output>
          </reporter-output>
        </test-method> <!-- login -->
      </class> <!-- meridium.APM.TestScript.Facebooklogin -->
    </test> <!-- Default test -->
  </suite> <!-- Default suite -->
</testng-results>
